<?xml version="1.0" encoding="UTF-8"?>
<!-- Generated by org.testng.reporters.JUnitReportReporter -->
<testsuite hostname="DESKTOP-3CMM59S" failures="0" tests="1" name="TestCases.VerifyFooter" time="24.502" errors="0" timestamp="2023-08-29T14:05:32 IST" skipped="0">
  <testcase classname="TestCases.VerifyFooter" name="footer" time="24.502"/>
  <system-out/>
</testsuite> <!-- TestCases.VerifyFooter -->
