<?xml version="1.0" encoding="UTF-8"?>
<!-- Generated by org.testng.reporters.JUnitReportReporter -->
<testsuite hostname="DESKTOP-3CMM59S" failures="0" tests="1" name="TestCases.VerifyAddToCartPriceTestCase" time="8.572" errors="0" timestamp="2023-09-01T19:43:10 IST" skipped="0">
  <testcase classname="TestCases.VerifyAddToCartPriceTestCase" name="verifycartprice" time="8.572"/>
  <system-out/>
</testsuite> <!-- TestCases.VerifyAddToCartPriceTestCase -->
