<?xml version="1.0" encoding="UTF-8"?>
<!-- Generated by org.testng.reporters.JUnitReportReporter -->
<testsuite hostname="DESKTOP-3CMM59S" failures="0" tests="1" name="TestCases.AddtoCartTestCase" time="29.693" errors="0" timestamp="2023-08-29T14:00:45 IST" skipped="0">
  <testcase classname="TestCases.AddtoCartTestCase" name="addtocart" time="29.693"/>
  <system-out/>
</testsuite> <!-- TestCases.AddtoCartTestCase -->
