<?xml version="1.0" encoding="UTF-8"?>
<!-- Generated by org.testng.reporters.JUnitReportReporter -->
<testsuite hostname="DESKTOP-3CMM59S" failures="0" tests="1" name="TestCases.LoginTestCase" time="11.691" errors="0" timestamp="2023-09-01T19:45:13 IST" skipped="0">
  <testcase classname="TestCases.LoginTestCase" name="Login" time="11.691"/>
  <system-out/>
</testsuite> <!-- TestCases.LoginTestCase -->
