<?xml version="1.0" encoding="UTF-8"?>
<!-- Generated by org.testng.reporters.JUnitReportReporter -->
<testsuite hostname="DESKTOP-3CMM59S" failures="0" tests="1" name="TestCases.AddtoCartTestCase" time="12.259" errors="0" timestamp="2023-09-01T19:43:10 IST" skipped="0">
  <testcase classname="TestCases.AddtoCartTestCase" name="addtocart" time="12.259"/>
  <system-out/>
</testsuite> <!-- TestCases.AddtoCartTestCase -->
