<?xml version="1.0" encoding="UTF-8"?>
<!-- Generated by org.testng.reporters.JUnitReportReporter -->
<testsuite hostname="DESKTOP-3CMM59S" failures="0" tests="1" name="TestCases.ContactUsFormTestCase" time="9.764" errors="0" timestamp="2023-09-01T19:43:10 IST" skipped="0">
  <testcase classname="TestCases.ContactUsFormTestCase" name="contactusform" time="9.764"/>
  <system-out/>
</testsuite> <!-- TestCases.ContactUsFormTestCase -->
