<?xml version="1.0" encoding="UTF-8"?>
<!-- Generated by org.testng.reporters.JUnitReportReporter -->
<testsuite hostname="DESKTOP-3CMM59S" failures="0" tests="1" name="TestCases.VerifyAddToCartPriceTestCase" time="9.706" errors="0" timestamp="2023-08-29T14:06:49 IST" skipped="0">
  <testcase classname="TestCases.VerifyAddToCartPriceTestCase" name="verifycartprice" time="9.706"/>
  <system-out/>
</testsuite> <!-- TestCases.VerifyAddToCartPriceTestCase -->
