<?xml version="1.0" encoding="UTF-8"?>
<!-- Generated by org.testng.reporters.JUnitReportReporter -->
<testsuite hostname="DESKTOP-3CMM59S" failures="0" tests="1" name="TestCases.RegisterTestCase" time="8.344" errors="0" timestamp="2023-08-29T13:58:32 IST" skipped="0">
  <testcase classname="TestCases.RegisterTestCase" name="Register" time="8.344"/>
  <system-out/>
</testsuite> <!-- TestCases.RegisterTestCase -->
