<?xml version="1.0" encoding="UTF-8"?>
<!-- Generated by org.testng.reporters.JUnitReportReporter -->
<testsuite hostname="DESKTOP-3CMM59S" failures="0" tests="1" name="TestCases.LoginTestCase" time="8.713" errors="0" timestamp="2023-08-29T13:55:02 IST" skipped="0">
  <testcase classname="TestCases.LoginTestCase" name="Login" time="8.713"/>
  <system-out/>
</testsuite> <!-- TestCases.LoginTestCase -->
